[19:59:02] [ServerMain/INFO]: Environment: Environment[sessionHost=https://sessionserver.mojang.com, servicesHost=https://api.minecraftservices.com, name=PROD]
[19:59:05] [ServerMain/INFO]: Loaded 1174 recipes
[19:59:06] [ServerMain/INFO]: Loaded 1271 advancements
[19:59:06] [Server thread/INFO]: Starting minecraft server version 1.20.4
[19:59:06] [Server thread/INFO]: Loading properties
[19:59:06] [Server thread/INFO]: This server is running Paper version git-Paper-497 (MC: 1.20.4) (Implementing API version 1.20.4-R0.1-SNAPSHOT) (Git: d8d54d9 on ver/1.20.4)
[19:59:07] [Server thread/INFO]: Using 4 threads for Netty based IO
[19:59:07] [Server thread/INFO]: Server Ping Player Sample Count: 12
[19:59:07] [Server thread/WARN]: [!] The timings profiler has been enabled but has been scheduled for removal from Paper in the future.
    We recommend installing the spark profiler as a replacement: https://spark.lucko.me/
    For more information please visit: https://github.com/PaperMC/Paper/issues/8948
[19:59:07] [Server thread/INFO]: [ChunkTaskScheduler] Chunk system is using 1 I/O threads, 1 worker threads, and gen parallelism of 1 threads
[19:59:07] [Server thread/INFO]: Default game type: SURVIVAL
[19:59:07] [Server thread/INFO]: Generating keypair
[19:59:08] [Server thread/INFO]: Starting Minecraft server on *:25565
[19:59:08] [Server thread/INFO]: Using epoll channel type
[19:59:08] [Server thread/INFO]: Paper: Using libdeflate (Linux x86_64) compression from Velocity.
[19:59:08] [Server thread/INFO]: Paper: Using OpenSSL 1.1.x (Linux x86_64) cipher from Velocity.
[19:59:08] [Server thread/INFO]: Server permissions file permissions.yml is empty, ignoring it
[19:59:08] [Server thread/WARN]: **** SERVER IS RUNNING IN OFFLINE/INSECURE MODE!
[19:59:08] [Server thread/WARN]: The server will make no attempt to authenticate usernames. Beware.
[19:59:08] [Server thread/WARN]: While this makes the game possible to play without internet access, it also opens up the ability for hackers to connect with any username they choose.
[19:59:08] [Server thread/WARN]: To change this, set "online-mode" to "true" in the server.properties file.
[19:59:08] [Server thread/INFO]: Preparing level "world"
[19:59:08] [Server thread/INFO]: Preparing start region for dimension minecraft:overworld
[19:59:08] [Server thread/INFO]: Time elapsed: 289 ms
[19:59:08] [Server thread/INFO]: Preparing start region for dimension minecraft:the_nether
[19:59:09] [Server thread/INFO]: Time elapsed: 212 ms
[19:59:09] [Server thread/INFO]: Preparing start region for dimension minecraft:the_end
[19:59:09] [Server thread/INFO]: Time elapsed: 71 ms
[19:59:09] [Server thread/INFO]: Running delayed init tasks
[19:59:09] [Server thread/INFO]: Done (3.004s)! For help, type "help"
[19:59:09] [Server thread/INFO]: Timings Reset
